<?xml version="1.0" encoding="UTF-8"?>
<!-- Generated by org.testng.reporters.JUnitReportReporter -->
<testsuite hostname="DESKTOP-236ANO0" failures="0" tests="3" name="paramaterization.Dataproviderclass" time="0.013" errors="0" timestamp="2023-03-28T17:26:18 IST" skipped="0">
  <testcase classname="paramaterization.Dataproviderclass" name="logintest" time="0.010"/>
  <system-out/>
  <testcase classname="paramaterization.Dataproviderclass" name="logintest" time="0.001"/>
  <system-out/>
  <testcase classname="paramaterization.Dataproviderclass" name="logintest" time="0.002"/>
  <system-out/>
</testsuite> <!-- paramaterization.Dataproviderclass -->
