<?xml version="1.0" encoding="UTF-8"?>
<!-- Generated by org.testng.reporters.JUnitReportReporter -->
<testsuite hostname="DESKTOP-236ANO0" failures="0" tests="3" name="paramaterization.dataaccepting" time="0.021" errors="0" timestamp="2023-04-16T10:01:56 IST" skipped="0">
  <testcase classname="paramaterization.dataaccepting" name="logintest" time="0.013"/>
  <system-out/>
  <testcase classname="paramaterization.dataaccepting" name="logintest" time="0.004"/>
  <system-out/>
  <testcase classname="paramaterization.dataaccepting" name="logintest" time="0.004"/>
  <system-out/>
</testsuite> <!-- paramaterization.dataaccepting -->
