<?xml version="1.0" encoding="UTF-8"?>
<!-- Generated by org.testng.reporters.JUnitReportReporter -->
<testsuite hostname="DESKTOP-236ANO0" failures="0" tests="1" name="groups.testngbasics" time="0.014" errors="0" timestamp="2023-04-16T09:24:06 IST" skipped="0">
  <testcase classname="groups.testngbasics" name="lki" time="0.014"/>
  <system-out>
    <![CDATA[jehdjed]]>
  </system-out>
</testsuite> <!-- groups.testngbasics -->
