<?xml version="1.0" encoding="UTF-8"?>
<!-- Generated by org.testng.reporters.JUnitReportReporter -->
<testsuite hostname="DESKTOP-236ANO0" failures="0" tests="2" name="levelsofexecution.Carloans" time="0.006" errors="0" timestamp="2023-03-28T12:39:51 IST" skipped="0">
  <testcase classname="levelsofexecution.Carloans" name="newcar" time="0.003"/>
  <system-out/>
  <testcase classname="levelsofexecution.Carloans" name="oldcar" time="0.003"/>
  <system-out/>
</testsuite> <!-- levelsofexecution.Carloans -->
