<?xml version="1.0" encoding="UTF-8"?>
<!-- Generated by org.testng.reporters.JUnitReportReporter -->
<testsuite hostname="DESKTOP-236ANO0" failures="0" tests="2" name="testng.Priority" time="0.005" errors="0" timestamp="2023-03-27T20:27:12 IST" skipped="0">
  <testcase classname="testng.Priority" name="test2" time="0.002"/>
  <system-out/>
  <testcase classname="testng.Priority" name="test1" time="0.003"/>
  <system-out/>
</testsuite> <!-- testng.Priority -->
