<?xml version="1.0" encoding="UTF-8"?>
<!-- Generated by org.testng.reporters.JUnitReportReporter -->
<testsuite hostname="DESKTOP-236ANO0" failures="0" tests="1" name="testng.Demo1" time="0.018" errors="0" timestamp="2023-04-16T08:51:55 IST" skipped="0">
  <testcase classname="testng.Demo1" name="test1" time="0.018"/>
  <system-out>
    <![CDATA[hi]]>
  </system-out>
</testsuite> <!-- testng.Demo1 -->
