<?xml version="1.0" encoding="UTF-8"?>
<!-- Generated by org.testng.reporters.JUnitReportReporter -->
<testsuite hostname="DESKTOP-236ANO0" failures="0" tests="2" name="levelsofexecution.Bikeloans" time="0.011" errors="0" timestamp="2023-03-28T12:39:51 IST" skipped="0">
  <testcase classname="levelsofexecution.Bikeloans" name="securedloans" time="0.004"/>
  <system-out/>
  <testcase classname="levelsofexecution.Bikeloans" name="unsecuredloans" time="0.007"/>
  <system-out/>
</testsuite> <!-- levelsofexecution.Bikeloans -->
