<?xml version="1.0" encoding="UTF-8"?>
<!-- Generated by org.testng.reporters.JUnitReportReporter -->
<testsuite hostname="DESKTOP-236ANO0" failures="0" tests="2" name="levelsofexecution.Homeloans" time="0.029" errors="0" timestamp="2023-03-28T12:39:51 IST" skipped="0">
  <testcase classname="levelsofexecution.Homeloans" name="emiloans" time="0.021"/>
  <system-out/>
  <testcase classname="levelsofexecution.Homeloans" name="colateralloans" time="0.008"/>
  <system-out/>
</testsuite> <!-- levelsofexecution.Homeloans -->
