<?xml version="1.0" encoding="UTF-8"?>
<!-- Generated by org.testng.reporters.JUnitReportReporter -->
<testsuite hostname="DESKTOP-236ANO0" failures="0" tests="2" name="paramaterization.Dataprovider" time="0.012" errors="0" timestamp="2023-03-28T16:05:29 IST" skipped="0">
  <testcase classname="paramaterization.Dataprovider" name="data" time="0.009"/>
  <system-out/>
  <testcase classname="paramaterization.Dataprovider" name="data" time="0.003"/>
  <system-out/>
</testsuite> <!-- paramaterization.Dataprovider -->
