<?xml version="1.0" encoding="UTF-8"?>
<!-- Generated by org.testng.reporters.JUnitReportReporter -->
<testsuite hostname="DESKTOP-236ANO0" failures="0" tests="1" name="testng.Demo" time="0.015" errors="0" timestamp="2023-03-03T18:02:41 IST" skipped="0">
  <testcase classname="testng.Demo" name="test1" time="0.015"/>
  <system-out>
    <![CDATA[hi]]>
  </system-out>
</testsuite> <!-- testng.Demo -->
