<?xml version="1.0" encoding="UTF-8"?>
<!-- Generated by org.testng.reporters.JUnitReportReporter -->
<testsuite hostname="DESKTOP-236ANO0" failures="0" tests="4" name="testng.Multiplescript" time="0.009" errors="0" timestamp="2023-03-27T20:27:12 IST" skipped="0">
  <testcase classname="testng.Multiplescript" name="test1" time="0.002"/>
  <system-out/>
  <testcase classname="testng.Multiplescript" name="test2" time="0.003"/>
  <system-out/>
  <testcase classname="testng.Multiplescript" name="test1" time="0.002"/>
  <system-out/>
  <testcase classname="testng.Multiplescript" name="test1" time="0.002"/>
  <system-out/>
</testsuite> <!-- testng.Multiplescript -->
