<?xml version="1.0" encoding="UTF-8"?>
<!-- Generated by org.testng.reporters.JUnitReportReporter -->
<testsuite hostname="DESKTOP-236ANO0" failures="0" tests="1" name="testng.Demo2" time="0.014" errors="0" timestamp="2023-03-27T20:27:12 IST" skipped="0">
  <testcase classname="testng.Demo2" name="test2" time="0.014"/>
  <system-out>
    <![CDATA[hello]]>
  </system-out>
</testsuite> <!-- testng.Demo2 -->
