<?xml version="1.0" encoding="UTF-8"?>
<!-- Generated by org.testng.reporters.JUnitReportReporter -->
<testsuite hostname="DESKTOP-236ANO0" failures="0" tests="2" name="testng.Multiplescriptwithout" time="0.002" errors="0" timestamp="2023-03-27T20:27:12 IST" skipped="1">
  <testcase classname="testng.Multiplescriptwithout" name="test2" time="0.002"/>
  <system-out/>
  <testcase classname="testng.Multiplescriptwithout" name="test1">
    <skipped/>
  </testcase> <!-- test1 -->
  <system-out/>
</testsuite> <!-- testng.Multiplescriptwithout -->
